<?xml version="1.0" encoding="UTF-8"?>
<coverage generated="1590144943293" clover="3.2.0">
  <project timestamp="1590144943294" name="All files">
    <metrics statements="28" coveredstatements="27" conditionals="0" coveredconditionals="0" methods="12" coveredmethods="11" elements="40" coveredelements="38" complexity="0" loc="28" ncloc="28" packages="2" files="4" classes="4"/>
    <package name="database">
      <metrics statements="12" coveredstatements="12" conditionals="0" coveredconditionals="0" methods="1" coveredmethods="1"/>
      <file name="build.js" path="/home/jackherizsmith/Desktop/FAC PROJECTS/10-studentproject/work-in-progress/wip-rest-api/src/database/build.js">
        <metrics statements="7" coveredstatements="7" conditionals="0" coveredconditionals="0" methods="1" coveredmethods="1"/>
        <line num="1" count="1" type="stmt"/>
        <line num="2" count="1" type="stmt"/>
        <line num="3" count="1" type="stmt"/>
        <line num="5" count="1" type="stmt"/>
        <line num="6" count="1" type="stmt"/>
        <line num="9" count="5" type="stmt"/>
        <line num="12" count="1" type="stmt"/>
      </file>
      <file name="connection.js" path="/home/jackherizsmith/Desktop/FAC PROJECTS/10-studentproject/work-in-progress/wip-rest-api/src/database/connection.js">
        <metrics statements="5" coveredstatements="5" conditionals="0" coveredconditionals="0" methods="0" coveredmethods="0"/>
        <line num="1" count="1" type="stmt"/>
        <line num="2" count="1" type="stmt"/>
        <line num="4" count="1" type="stmt"/>
        <line num="6" count="1" type="stmt"/>
        <line num="12" count="1" type="stmt"/>
      </file>
    </package>
    <package name="model">
      <metrics statements="16" coveredstatements="15" conditionals="0" coveredconditionals="0" methods="11" coveredmethods="10"/>
      <file name="feedback-model.js" path="/home/jackherizsmith/Desktop/FAC PROJECTS/10-studentproject/work-in-progress/wip-rest-api/src/model/feedback-model.js">
        <metrics statements="4" coveredstatements="4" conditionals="0" coveredconditionals="0" methods="2" coveredmethods="2"/>
        <line num="1" count="1" type="stmt"/>
        <line num="4" count="1" type="stmt"/>
        <line num="6" count="1" type="stmt"/>
        <line num="9" count="1" type="stmt"/>
      </file>
      <file name="users-model.js" path="/home/jackherizsmith/Desktop/FAC PROJECTS/10-studentproject/work-in-progress/wip-rest-api/src/model/users-model.js">
        <metrics statements="12" coveredstatements="11" conditionals="0" coveredconditionals="0" methods="9" coveredmethods="8"/>
        <line num="1" count="1" type="stmt"/>
        <line num="10" count="1" type="stmt"/>
        <line num="15" count="1" type="stmt"/>
        <line num="20" count="1" type="stmt"/>
        <line num="22" count="1" type="stmt"/>
        <line num="27" count="1" type="stmt"/>
        <line num="29" count="1" type="stmt"/>
        <line num="34" count="1" type="stmt"/>
        <line num="42" count="1" type="stmt"/>
        <line num="47" count="1" type="stmt"/>
        <line num="51" count="0" type="stmt"/>
        <line num="54" count="1" type="stmt"/>
      </file>
    </package>
  </project>
</coverage>
