TN:
SF:src/database/build.js
FN:8,build
FNF:1
FNH:1
FNDA:7,build
DA:1,1
DA:2,1
DA:3,1
DA:5,1
DA:6,1
DA:9,7
DA:12,1
LF:7
LH:7
BRF:0
BRH:0
end_of_record
TN:
SF:src/database/connection.js
FNF:0
FNH:0
DA:1,1
DA:2,1
DA:4,1
DA:6,1
DA:12,1
LF:5
LH:5
BRF:0
BRH:0
end_of_record
TN:
SF:src/model/feedback-model.js
FN:3,getFeedback
FN:6,(anonymous_1)
FNF:2
FNH:2
FNDA:1,getFeedback
FNDA:1,(anonymous_1)
DA:1,1
DA:4,1
DA:6,1
DA:9,1
LF:4
LH:4
BRF:0
BRH:0
end_of_record
TN:
SF:src/model/projects-model.js
FN:3,getWatchedProjects
FN:6,(anonymous_1)
FNF:2
FNH:2
FNDA:2,getWatchedProjects
FNDA:2,(anonymous_1)
DA:1,1
DA:4,2
DA:6,2
DA:9,1
LF:4
LH:4
BRF:0
BRH:0
end_of_record
TN:
SF:src/model/users-model.js
FN:9,addUser
FN:15,(anonymous_1)
FN:19,getUserByName
FN:22,(anonymous_3)
FN:26,getUserById
FN:29,(anonymous_5)
FN:33,updateUser
FN:47,(anonymous_7)
FN:50,deleteUser
FNF:9
FNH:8
FNDA:1,addUser
FNDA:1,(anonymous_1)
FNDA:1,getUserByName
FNDA:1,(anonymous_3)
FNDA:1,getUserById
FNDA:1,(anonymous_5)
FNDA:1,updateUser
FNDA:1,(anonymous_7)
FNDA:0,deleteUser
DA:1,1
DA:10,1
DA:15,1
DA:20,1
DA:22,1
DA:27,1
DA:29,1
DA:34,1
DA:42,1
DA:47,1
DA:51,0
DA:54,1
LF:12
LH:11
BRF:0
BRH:0
end_of_record
